\BOOKMARK [0][-]{chapter.1}{\376\377\000S\000o\000l\000v\000i\000n\000g\000\040\000S\000i\000m\000p\000l\000e\000\040\000O\000D\000E\000s}{}% 1
\BOOKMARK [0][-]{chapter.2}{\376\377\000E\000x\000i\000s\000t\000e\000n\000c\000e\000\040\000a\000n\000d\000\040\000U\000n\000i\000q\000u\000e\000n\000e\000s\000s\000\040\000o\000f\000\040\000S\000o\000l\000u\000t\000i\000o\000n\000s}{}% 2
\BOOKMARK [1][-]{section.2.1}{\376\377\000I\000n\000t\000r\000o\000d\000u\000c\000t\000i\000o\000n}{chapter.2}% 3
\BOOKMARK [1][-]{section.2.2}{\376\377\000B\000a\000s\000i\000c\000\040\000N\000o\000t\000i\000o\000n\000s}{chapter.2}% 4
\BOOKMARK [2][-]{subsection.2.2.1}{\376\377\000C\000o\000n\000t\000i\000n\000u\000i\000t\000y}{section.2.2}% 5
\BOOKMARK [2][-]{subsection.2.2.2}{\376\377\000U\000n\000i\000f\000o\000r\000m\000\040\000C\000o\000n\000v\000e\000r\000g\000e\000n\000c\000e}{section.2.2}% 6
\BOOKMARK [2][-]{subsection.2.2.3}{\376\377\000A\000s\000c\000o\000l\000i\000-\000A\000r\000z\000e\000l\000a}{section.2.2}% 7
\BOOKMARK [2][-]{subsection.2.2.4}{\376\377\000R\000e\000l\000a\000t\000i\000v\000e\000\040\000C\000o\000m\000p\000a\000c\000t\000n\000e\000s\000s}{section.2.2}% 8
\BOOKMARK [1][-]{section.2.3}{\376\377\000F\000i\000x\000e\000d\000\040\000P\000o\000i\000n\000t\000\040\000T\000h\000e\000o\000r\000e\000m\000s}{chapter.2}% 9
\BOOKMARK [2][-]{subsection.2.3.1}{\376\377\000B\000a\000n\000a\000c\000h\000'\000s\000\040\000C\000o\000n\000t\000r\000a\000c\000t\000i\000o\000n\000\040\000M\000a\000p\000p\000i\000n\000g\000\040\000T\000h\000e\000o\000r\000e\000m}{section.2.3}% 10
\BOOKMARK [2][-]{subsection.2.3.2}{\376\377\000S\000c\000h\000a\000u\000d\000e\000r\000-\000T\000y\000c\000h\000o\000n\000o\000f\000f\000\040\000T\000h\000e\000o\000r\000e\000m}{section.2.3}% 11
\BOOKMARK [1][-]{section.2.4}{\376\377\000E\000x\000i\000s\000t\000e\000n\000c\000e\000\040\000o\000f\000\040\000S\000o\000l\000u\000t\000i\000o\000n\000s}{chapter.2}% 12
\BOOKMARK [2][-]{subsection.2.4.1}{\376\377\000C\000a\000u\000c\000h\000y\000-\000P\000e\000a\000n\000o\000\040\000e\000x\000i\000s\000t\000e\000n\000c\000e\000\040\000T\000h\000e\000o\000r\000e\000m}{section.2.4}% 13
\BOOKMARK [2][-]{subsection.2.4.2}{\376\377\000P\000i\000c\000a\000r\000d\000-\000L\000i\000n\000d\000e\000l\000o\000f\000\040\000E\000x\000i\000s\000t\000e\000n\000c\000e}{section.2.4}% 14
\BOOKMARK [1][-]{section.2.5}{\376\377\000U\000n\000i\000q\000u\000e\000n\000e\000s\000s\000\040\000T\000h\000e\000o\000r\000e\000m\000s}{chapter.2}% 15
\BOOKMARK [2][-]{subsection.2.5.1}{\376\377\000P\000i\000c\000a\000r\000d\000-\000L\000i\000n\000d\000e\000l\000o\000f\000\040\000U\000n\000i\000q\000u\000e\000n\000e\000s\000s}{section.2.5}% 16
\BOOKMARK [2][-]{subsection.2.5.2}{\376\377\000O\000s\000g\000o\000o\000d\000'\000s\000\040\000U\000n\000i\000q\000u\000e\000n\000e\000s\000s\000\040\000T\000h\000e\000o\000r\000e\000m}{section.2.5}% 17
\BOOKMARK [1][-]{section.2.6}{\376\377\000G\000r\000o\000n\000w\000a\000l\000l\000'\000s\000\040\000I\000n\000e\000q\000u\000a\000l\000i\000t\000y}{chapter.2}% 18
\BOOKMARK [2][-]{subsection.2.6.1}{\376\377\000P\000r\000o\000o\000f\000\040\0001}{section.2.6}% 19
\BOOKMARK [2][-]{subsection.2.6.2}{\376\377\000P\000r\000o\000o\000f\000\040\0002}{section.2.6}% 20
\BOOKMARK [2][-]{subsection.2.6.3}{\376\377\000P\000r\000o\000o\000f\000\040\0003}{section.2.6}% 21
\BOOKMARK [2][-]{subsection.2.6.4}{\376\377\000P\000r\000o\000o\000f\000\040\0004}{section.2.6}% 22
\BOOKMARK [1][-]{section.2.7}{\376\377\000M\000a\000x\000i\000m\000a\000l\000\040\000S\000o\000l\000u\000t\000i\000o\000n\000s}{chapter.2}% 23
\BOOKMARK [1][-]{section.2.8}{\376\377\000C\000o\000n\000t\000i\000n\000u\000o\000u\000s\000\040\000D\000e\000p\000e\000n\000d\000e\000n\000c\000e}{chapter.2}% 24
\BOOKMARK [1][-]{section.2.9}{\376\377\000A\000u\000t\000o\000n\000o\000m\000o\000u\000s\000\040\000O\000D\000E\000\040\000a\000n\000d\000\040\000F\000l\000o\000w}{chapter.2}% 25
\BOOKMARK [0][-]{chapter.3}{\376\377\000P\000l\000a\000n\000a\000r\000\040\000L\000i\000n\000e\000a\000r\000\040\000S\000y\000s\000t\000e\000m\000s\000\040\000o\000f\000\040\000O\000D\000E\000'\000s}{}% 26
\BOOKMARK [1][-]{section.3.1}{\376\377\000D\000i\000s\000t\000i\000n\000c\000t\000\040\000R\000e\000a\000l\000\040\000E\000i\000g\000e\000n\000v\000a\000l\000u\000e\000s\000\040\000f\000o\000r\000\040\000a\000\040\000P\000l\000a\000n\000a\000r\000\040\000S\000y\000s\000t\000e\000m}{chapter.3}% 27
\BOOKMARK [1][-]{section.3.2}{\376\377\000C\000o\000m\000p\000l\000e\000x\000\040\000E\000i\000g\000e\000n\000v\000a\000l\000u\000e\000s\000\040\000f\000o\000r\000\040\000a\000\040\000P\000l\000a\000n\000a\000r\000\040\000S\000y\000s\000t\000e\000m}{chapter.3}% 28
\BOOKMARK [1][-]{section.3.3}{\376\377\000R\000e\000p\000e\000a\000t\000e\000d\000\040\000E\000i\000g\000e\000n\000v\000a\000l\000u\000e\000s\000\040\000o\000n\000\040\000a\000\040\000P\000l\000a\000n\000a\000r\000\040\000S\000y\000s\000t\000e\000m}{chapter.3}% 29
\BOOKMARK [2][-]{subsection.3.3.1}{\376\377\000Q\000u\000a\000l\000i\000t\000a\000t\000i\000v\000e\000\040\000B\000e\000h\000a\000v\000i\000o\000r\000s}{section.3.3}% 30
\BOOKMARK [1][-]{section.3.4}{\376\377\000D\000e\000t\000e\000r\000m\000i\000n\000a\000n\000t\000\040\000o\000f\000\040\000t\000h\000e\000\040\000M\000a\000t\000r\000i\000x\000\040\000E\000x\000p\000o\000n\000e\000n\000t\000i\000a\000l}{chapter.3}% 31
